2026-04-24 11:04:53 | INFO | bot | ▶️ Инициализация систем...
2026-04-24 11:04:53 | INFO | bot | ⚙️ БОТ ЗАПУЩЕН С НАСТРОЙКАМИ
🎛 <b>[APP & RISK]</b>
Name: <b>Rucheiok Bot</b> | Quota: <b>USDT</b>
Max Positions: <b>1</b>
Leverage: <b>22x</b> | Margin Mode: <b>2</b>
Margin Size: <b>row</b> | Notional Limit: <b>1000.0 USDT</b>
Margin Over Size: <b>1%</b>
Quarantine: <b>1</b> fails for <b>infh</b>

📡 <b>[SYSTEM]</b>
TG Enabled: <b>True</b>
Logs: D:True I:True W:True E:True

🎯 <b>[ENTRY PHEMEX]</b>
Enable: <b>True</b> | Depth: <b>8</b> | TTL: <b>5s</b>
ROC Window: <b>3</b> | Max 1 ROC: <b>0.5%</b>
Sprd 3 row: &gt;= <b>0.3%</b>

🔶 <b>[ENTRY BINANCE & FUNDING]</b>
Binance: <b>True</b> | Sprd: &gt;= <b>0.8%</b>
Funding: <b>True</b> | Thresh: &gt;= <b>1.0%</b>

🚪 <b>[EXIT SCENARIOS]</b>
<b>Base (Average):</b> True | Stab TTL: <b>3s</b>
<b>Negative:</b> True | Neg Spread &lt;= <b>0%</b> for <b>30s</b>
<b>Interference:</b> True | Usual Vol: <b>3%</b>
<b>TTL Close:</b> None | TTL: <b>300s</b> | Wait: <b>2s</b>
<b>Extrime:</b> True | Retries: <b>inf</b> per <b>3s</b>
2026-04-24 11:04:54 | INFO | bot | ✅ Стейт синхронизирован. В памяти 0 активных позиций.
2026-04-24 11:04:54 | INFO | bot | 🔄 Прогрев кэша цен и фандинга...
2026-04-24 11:04:55 | INFO | bot | 📡 Запрашиваем баланс с биржи...
2026-04-24 11:04:55 | INFO | bot | 💰 Стартовый баланс установлен: 10530.27 USDT
2026-04-24 11:04:55 | INFO | bot | 🎮 Главная торговая живолупа (Game Loop) запущена.
2026-04-24 11:04:55 | INFO | bot | 📊 Цикл отчетов запущен (каждые 6.0ч)
2026-04-24 11:13:03 | ERROR | bot | [BOBUSDT_SHORT] Исключение execute_entry: Private API request failed: Phemex Error [11150]: TE_OI_LIMIT_REDUCE_ONLY
2026-04-24 11:13:03 | WARNING | bot | [BOBUSDT] 🚫 Помещен в карантин на 1ч (вход не удался).
2026-04-24 11:21:23 | ERROR | bot | [HOMEUSDT_LONG] Исключение execute_entry: Private API request failed: Phemex Error [11150]: TE_OI_LIMIT_REDUCE_ONLY
2026-04-24 11:21:23 | WARNING | bot | [HOMEUSDT] 🚫 Помещен в карантин на 1ч (вход не удался).
2026-04-24 11:46:48 | INFO | bot | [ACUUSDT_SHORT] ✅ Вход выполнен. Объем: 7628.59
2026-04-24 11:47:31 | WARNING | bot | [ACUUSDT] 💀 Карантин ПОТЕРЬ: 1 фейлов. Блокировка на infч.
2026-04-24 11:47:31 | INFO | bot | [ACUUSDT_SHORT] 🛑 Позиция закрыта. PnL: 0.0000$. Стейт очищен.
2026-04-24 11:57:43 | INFO | bot | ⏹ Остановка процессов...
2026-04-24 11:57:44 | INFO | bot | 💾 Финальное сохранение стейта на диск...
