2026-04-17 01:01:07 | INFO | main | ⚙️ Скип установки (Leverage & Margin), так как set_previous == false
2026-04-17 01:01:08 | INFO | main | 🤖 Запуск супервизора Telegram...
2026-04-17 01:01:11 | WARNING | main | 
🛑 Получен сигнал прерывания. Остановка...
2026-04-17 01:01:11 | INFO | main | 🧹 Очистка ресурсов...
2026-04-17 01:01:11 | INFO | main | Stopping TG supervisor...
2026-04-17 01:01:12 | INFO | main | ✅ Программа безопасно завершена.
2026-04-17 01:01:27 | INFO | main | ⚙️ Скип установки (Leverage & Margin), так как set_previous == false
2026-04-17 01:01:27 | INFO | main | 🤖 Запуск супервизора Telegram...
2026-04-17 01:01:39 | WARNING | main | 
🛑 Получен сигнал прерывания. Остановка...
2026-04-17 01:01:39 | INFO | main | 🧹 Очистка ресурсов...
2026-04-17 01:01:39 | INFO | main | Stopping TG supervisor...
2026-04-17 01:01:39 | INFO | main | ✅ Программа безопасно завершена.
2026-04-17 01:10:45 | INFO | main | ⚙️ Скип установки (Leverage & Margin), так как set_previous == false
2026-04-17 01:10:45 | INFO | main | 🤖 Запуск супервизора Telegram...
2026-04-17 02:39:31 | WARNING | main | 
🛑 Получен сигнал прерывания. Остановка...
2026-04-17 02:39:31 | INFO | main | 🧹 Очистка ресурсов...
2026-04-17 02:39:31 | INFO | main | Stopping TG supervisor...
2026-04-17 02:39:31 | INFO | main | ✅ Программа безопасно завершена.
2026-04-17 02:39:54 | INFO | main | ⚙️ Скип установки (Leverage & Margin), так как set_previous == false
2026-04-17 02:39:54 | INFO | main | 🤖 Запуск супервизора Telegram...
2026-04-17 13:49:39 | WARNING | main | 
🛑 Получен сигнал прерывания. Остановка...
2026-04-17 13:49:39 | INFO | main | 🧹 Очистка ресурсов...
2026-04-17 13:49:39 | INFO | main | Stopping TG supervisor...
2026-04-17 13:49:39 | INFO | main | ✅ Программа безопасно завершена.
2026-04-17 13:52:03 | INFO | main | ⚙️ Скип установки (Leverage & Margin), так как set_previous == false
2026-04-17 13:52:04 | INFO | main | 🤖 Запуск супервизора Telegram...
2026-04-17 17:44:39 | WARNING | main | 
🛑 Получен сигнал прерывания. Остановка...
2026-04-17 17:44:39 | INFO | main | 🧹 Очистка ресурсов...
2026-04-17 17:44:39 | INFO | main | Stopping TG supervisor...
2026-04-17 17:44:39 | INFO | main | ✅ Программа безопасно завершена.
