2026-05-05 15:58:04 | INFO | signal_engine | 📡 SignalEngine: Spread Mode = BOOK
2026-05-05 16:00:11 | INFO | signal_engine | 📊 [MAX SPREADS 1m]: AXLUSDT: 0.212% | GIGGLEUSDT: 0.028%
2026-05-05 16:01:11 | INFO | signal_engine | 📊 [MAX SPREADS 1m]: GIGGLEUSDT: 0.285% | AXLUSDT: 0.262%
2026-05-05 16:02:11 | INFO | signal_engine | 📊 [MAX SPREADS 1m]: BTRUSDT: 0.171% | PROMPTUSDT: 0.030% | GIGGLEUSDT: 0.029%
2026-05-05 16:03:04 | INFO | signal_engine | 📡 SignalEngine: Spread Mode = BOOK
2026-05-05 16:05:25 | INFO | signal_engine | 📊 [MAX SPREADS 1m]: AXLUSDT: 0.302% | BTRUSDT: 0.172% | PENGUUSDT: 0.139% | XPINUSDT: 0.081%
2026-05-05 16:06:53 | INFO | signal_engine | 📊 [MAX SPREADS 1m]: MAVIAUSDT: 1.217% | FOLKSUSDT: 0.301% | PENGUUSDT: 0.165% | MUBARAKUSDT: 0.125% | ARUSDT: 0.093%
2026-05-05 16:07:54 | INFO | signal_engine | 📊 [MAX SPREADS 1m]: TSTUSDT: 0.379% | PENGUUSDT: 0.131%
2026-05-05 16:10:12 | INFO | signal_engine | 📊 [MAX SPREADS 1m]: PENGUUSDT: 0.157% | PARTIUSDT: 0.078%
2026-05-05 16:11:12 | INFO | signal_engine | 📊 [MAX SPREADS 1m]: PENGUUSDT: 0.184% | AEVOUSDT: 0.036%
2026-05-05 16:13:19 | INFO | signal_engine | 📊 [MAX SPREADS 1m]: VVVUSDT: 0.440% | MYXUSDT: 0.312% | CYSUSDT: 0.137% | NEIROUSDT: 0.080% | AEVOUSDT: 0.036%
2026-05-05 16:14:28 | INFO | signal_engine | 📊 [MAX SPREADS 1m]: VVVUSDT: 0.480% | CYSUSDT: 0.098%
2026-05-05 16:16:36 | INFO | signal_engine | 📊 [MAX SPREADS 1m]: VVVUSDT: 0.219% | FOLKSUSDT: 0.150%
2026-05-05 16:20:06 | INFO | signal_engine | 📊 [MAX SPREADS 1m]: CRCLUSDT: 0.294% | FHEUSDT: 0.246% | FOLKSUSDT: 0.150%
2026-05-05 16:21:06 | INFO | signal_engine | 📊 [MAX SPREADS 1m]: JELLYJELLYUSDT: 0.309% | RESOLVUSDT: 0.187% | MERLUSDT: 0.141% | AEVOUSDT: 0.036%
2026-05-05 16:22:06 | INFO | signal_engine | 📊 [MAX SPREADS 1m]: VVVUSDT: 0.391% | COMPUSDT: 0.337% | JELLYJELLYUSDT: 0.291% | AEVOUSDT: 0.036%
2026-05-05 16:23:43 | INFO | signal_engine | 📊 [MAX SPREADS 1m]: VVVUSDT: 0.294% | TONUSDT: 0.162% | 4USDT: 0.137% | MERLUSDT: 0.119%
2026-05-05 16:25:25 | INFO | signal_engine | 📊 [MAX SPREADS 1m]: MERLUSDT: 0.214% | VVVUSDT: 0.186% | AXLUSDT: 0.112%
2026-05-05 16:26:39 | INFO | signal_engine | 📊 [MAX SPREADS 1m]: VVVUSDT: 0.555% | PENDLEUSDT: 0.158% | GIGGLEUSDT: 0.142% | TONUSDT: 0.118% | AXLUSDT: 0.099%
2026-05-05 16:28:36 | INFO | signal_engine | 📊 [MAX SPREADS 1m]: VVVUSDT: 0.394% | GIGGLEUSDT: 0.199% | TONUSDT: 0.190% | PENDLEUSDT: 0.168% | ARUSDT: 0.093% | COTIUSDT: 0.071% | MAVIAUSDT: 0.026%
2026-05-05 16:29:57 | INFO | signal_engine | 📊 [MAX SPREADS 1m]: AIGENSYNUSDT: 0.184% | PENDLEUSDT: 0.137%
2026-05-05 16:30:57 | INFO | signal_engine | 📊 [MAX SPREADS 1m]: ARUSDT: 0.232% | RESOLVUSDT: 0.155% | VIRTUALUSDT: 0.099% | PENDLEUSDT: 0.096% | MUBARAKUSDT: 0.062% | AIGENSYNUSDT: 0.061%
2026-05-05 16:32:13 | INFO | signal_engine | 📊 [MAX SPREADS 1m]: VVVUSDT: 0.207% | VIRTUALUSDT: 0.124% | PENDLEUSDT: 0.101% | RESOLVUSDT: 0.093%
2026-05-05 16:33:13 | INFO | signal_engine | 📊 [MAX SPREADS 1m]: RESOLVUSDT: 0.280% | VIRTUALUSDT: 0.112%
2026-05-05 16:35:30 | INFO | signal_engine | 📊 [MAX SPREADS 1m]: BUSDT: 0.344% | RESOLVUSDT: 0.311% | VIRTUALUSDT: 0.100%
2026-05-05 16:36:39 | INFO | signal_engine | 📊 [MAX SPREADS 1m]: CYSUSDT: 0.176%
2026-05-05 16:37:42 | INFO | signal_engine | 📊 [MAX SPREADS 1m]: ZROUSDT: 0.618% | CYSUSDT: 0.176% | DASHUSDT: 0.022%
2026-05-05 16:38:42 | INFO | signal_engine | 📊 [MAX SPREADS 1m]: ZROUSDT: 0.618% | GIGGLEUSDT: 0.371% | AXLUSDT: 0.087% | DASHUSDT: 0.022%
2026-05-05 16:40:07 | INFO | signal_engine | 📊 [MAX SPREADS 1m]: BUSDT: 0.817% | MAVIAUSDT: 0.323% | ARCUSDT: 0.219% | AXLUSDT: 0.099% | EGLDUSDT: 0.098% | MYXUSDT: 0.080%
2026-05-05 16:41:20 | INFO | signal_engine | 📊 [MAX SPREADS 1m]: CRCLUSDT: 0.227% | VVVUSDT: 0.221% | PENGUUSDT: 0.139%
2026-05-05 16:42:42 | INFO | signal_engine | 📊 [MAX SPREADS 1m]: JELLYJELLYUSDT: 0.366% | CRCLUSDT: 0.227% | PENGUUSDT: 0.140%
2026-05-05 16:43:47 | INFO | signal_engine | 📊 [MAX SPREADS 1m]: INTCUSDT: 0.396% | CRCLUSDT: 0.253% | MAVIAUSDT: 0.243% | PENGUUSDT: 0.227% | ARCUSDT: 0.175%
2026-05-05 16:44:50 | INFO | signal_engine | 📊 [MAX SPREADS 1m]: MAVIAUSDT: 0.976% | CRCLUSDT: 0.140% | DEXEUSDT: 0.082% | PENGUUSDT: 0.070%
2026-05-05 16:46:08 | INFO | signal_engine | 📊 [MAX SPREADS 1m]: MAVIAUSDT: 0.298% | CRCLUSDT: 0.148%
2026-05-05 16:47:20 | INFO | signal_engine | 📊 [MAX SPREADS 1m]: PENDLEUSDT: 0.630% | MAVIAUSDT: 0.189%
2026-05-05 16:48:43 | INFO | signal_engine | 📊 [MAX SPREADS 1m]: PENDLEUSDT: 0.635% | BUSDT: 0.446% | AIGENSYNUSDT: 0.395% | NOTUSDT: 0.184% | APEUSDT: 0.124% | GWEIUSDT: 0.015%
2026-05-05 16:50:20 | INFO | signal_engine | 📊 [MAX SPREADS 1m]: USELESSUSDT: 0.023%
2026-05-05 16:52:38 | INFO | signal_engine | 📊 [MAX SPREADS 1m]: MYXUSDT: 0.195% | USELESSUSDT: 0.138% | VVVUSDT: 0.030%
2026-05-05 16:54:48 | INFO | signal_engine | 📊 [MAX SPREADS 1m]: CRCLUSDT: 0.235% | MYXUSDT: 0.195% | PENGUUSDT: 0.129% | NEIROUSDT: 0.040%
2026-05-05 16:57:48 | INFO | signal_engine | 📊 [MAX SPREADS 1m]: VVVUSDT: 0.347% | PENGUUSDT: 0.129%
2026-05-05 16:59:51 | INFO | signal_engine | 📊 [MAX SPREADS 1m]: INTCUSDT: 0.422% | VVVUSDT: 0.347% | MYXUSDT: 0.157%
2026-05-05 17:01:09 | INFO | signal_engine | 📊 [MAX SPREADS 1m]: BSBUSDT: 0.762%
2026-05-05 17:03:50 | INFO | signal_engine | 📊 [MAX SPREADS 1m]: BSBUSDT: 0.762% | MYXUSDT: 0.158% | DASHUSDT: 0.022%
2026-05-05 17:05:59 | INFO | signal_engine | 📊 [MAX SPREADS 1m]: DASHUSDT: 0.044%
2026-05-05 17:07:38 | INFO | signal_engine | 📊 [MAX SPREADS 1m]: CRCLUSDT: 0.174%
2026-05-05 17:08:58 | INFO | signal_engine | 📊 [MAX SPREADS 1m]: CRCLUSDT: 0.174% | PENGUUSDT: 0.086%
2026-05-05 17:10:00 | INFO | signal_engine | 📊 [MAX SPREADS 1m]: CRCLUSDT: 0.209% | PENGUUSDT: 0.095%
2026-05-05 17:14:31 | INFO | signal_engine | 📊 [MAX SPREADS 1m]: CHRUSDT: 0.425%
2026-05-05 17:15:46 | INFO | signal_engine | 📊 [MAX SPREADS 1m]: BANANAS31USDT: 0.660%
2026-05-05 17:17:06 | INFO | signal_engine | 📊 [MAX SPREADS 1m]: BANANAS31USDT: 0.660% | CRCLUSDT: 0.260%
2026-05-05 17:18:18 | INFO | signal_engine | 📊 [MAX SPREADS 1m]: CRCLUSDT: 0.278% | AXLUSDT: 0.050%
2026-05-05 17:19:23 | INFO | signal_engine | 📊 [MAX SPREADS 1m]: PROMPTUSDT: 0.211% | GIGGLEUSDT: 0.113% | AXLUSDT: 0.037%
2026-05-05 17:22:53 | INFO | signal_engine | 📊 [MAX SPREADS 1m]: PROMPTUSDT: 0.211% | GIGGLEUSDT: 0.142% | BSBUSDT: 0.057%
2026-05-05 17:24:11 | INFO | signal_engine | 📊 [MAX SPREADS 1m]: CRCLUSDT: 0.252% | GENIUSUSDT: 0.154%
2026-05-05 17:25:15 | INFO | signal_engine | 📊 [MAX SPREADS 1m]: CRCLUSDT: 0.252% | PENDLEUSDT: 0.217% | GENIUSUSDT: 0.154% | PENGUUSDT: 0.094%
2026-05-05 17:27:10 | INFO | signal_engine | 📊 [MAX SPREADS 1m]: PROMPTUSDT: 0.314% | PENGUUSDT: 0.120%
2026-05-05 17:29:18 | INFO | signal_engine | 📊 [MAX SPREADS 1m]: PROMPTUSDT: 0.314% | AXLUSDT: 0.150%
2026-05-05 17:30:27 | INFO | signal_engine | 📊 [MAX SPREADS 1m]: AXLUSDT: 0.125% | PENDLEUSDT: 0.016%
2026-05-05 17:31:30 | INFO | signal_engine | 📊 [MAX SPREADS 1m]: 4USDT: 0.345% | AXLUSDT: 0.176% | ORDIUSDT: 0.038% | PENDLEUSDT: 0.031%
2026-05-05 17:32:37 | INFO | signal_engine | 📊 [MAX SPREADS 1m]: 4USDT: 0.372% | AIXBTUSDT: 0.030%
2026-05-05 17:33:56 | INFO | signal_engine | 📊 [MAX SPREADS 1m]: NAORISUSDT: 0.267% | PENGUUSDT: 0.061%
2026-05-05 17:36:01 | INFO | signal_engine | 📊 [MAX SPREADS 1m]: PENGUUSDT: 0.061%
2026-05-05 17:38:47 | INFO | signal_engine | 📊 [MAX SPREADS 1m]: TONUSDT: 0.005%
2026-05-05 17:40:41 | INFO | signal_engine | 📊 [MAX SPREADS 1m]: PENDLEUSDT: 0.210% | ZORAUSDT: 0.075% | TONUSDT: 0.043% | BSBUSDT: 0.005%
2026-05-05 17:41:57 | INFO | signal_engine | 📊 [MAX SPREADS 1m]: GENIUSUSDT: 0.211% | GIGGLEUSDT: 0.116% | PENGUUSDT: 0.052%
2026-05-05 17:44:26 | INFO | signal_engine | 📊 [MAX SPREADS 1m]: CRCLUSDT: 0.202% | TONUSDT: 0.054% | PENDLEUSDT: 0.016%
2026-05-05 17:46:51 | INFO | signal_engine | 📊 [MAX SPREADS 1m]: USTCUSDT: 0.325% | PENDLEUSDT: 0.026%
2026-05-05 17:49:04 | INFO | signal_engine | 📊 [MAX SPREADS 1m]: BUSDT: 0.776% | USTCUSDT: 0.373%
2026-05-05 18:02:22 | INFO | signal_engine | 📊 [MAX SPREADS 1m]: BUSDT: 0.776% | GIGGLEUSDT: 0.086%
2026-05-05 18:03:55 | INFO | signal_engine | 📊 [MAX SPREADS 1m]: PENDLEUSDT: 0.058%
2026-05-05 18:05:05 | INFO | signal_engine | 📊 [MAX SPREADS 1m]: GENIUSUSDT: 0.390% | VVVUSDT: 0.010%
2026-05-05 18:07:26 | INFO | signal_engine | 📊 [MAX SPREADS 1m]: VVVUSDT: 0.099% | GIGGLEUSDT: 0.058%
2026-05-05 18:09:05 | INFO | signal_engine | 📊 [MAX SPREADS 1m]: USUSDT: 0.186% | GIGGLEUSDT: 0.058%
2026-05-05 18:10:07 | INFO | signal_engine | 📊 [MAX SPREADS 1m]: AXLUSDT: 0.311% | PENDLEUSDT: 0.256%
2026-05-05 18:11:24 | INFO | signal_engine | 📡 SignalEngine: Spread Mode = BOOK
2026-05-05 18:12:30 | INFO | signal_engine | 📊 [MAX SPREADS 1m]: VVVUSDT: 0.386% | PENDLEUSDT: 0.231% | AXLUSDT: 0.124%
2026-05-05 18:13:30 | INFO | signal_engine | 📊 [MAX SPREADS 1m]: PENDLEUSDT: 0.178% | AXLUSDT: 0.136% | AIXBTUSDT: 0.058%
2026-05-05 18:15:21 | INFO | signal_engine | 📊 [MAX SPREADS 1m]: PENDLEUSDT: 0.183% | COMPUSDT: 0.127% | AXLUSDT: 0.124% | AIXBTUSDT: 0.088%
2026-05-05 18:16:55 | INFO | signal_engine | 📊 [MAX SPREADS 1m]: PENDLEUSDT: 0.178% | AIXBTUSDT: 0.147% | VVVUSDT: 0.089% | COMPUSDT: 0.084%
2026-05-05 18:17:55 | INFO | signal_engine | 📊 [MAX SPREADS 1m]: AIXBTUSDT: 0.324% | PENDLEUSDT: 0.157%
2026-05-05 18:19:11 | INFO | signal_engine | 📊 [MAX SPREADS 1m]: AIXBTUSDT: 0.265% | PENDLEUSDT: 0.200%
2026-05-05 18:22:16 | INFO | signal_engine | 📊 [MAX SPREADS 1m]: CRCLUSDT: 0.281% | PENDLEUSDT: 0.111% | FHEUSDT: 0.028%
2026-05-05 18:24:45 | INFO | signal_engine | 📊 [MAX SPREADS 1m]: UBUSDT: 0.487% | EULUSDT: 0.063% | PENDLEUSDT: 0.021%
2026-05-05 18:26:07 | INFO | signal_engine | 📊 [MAX SPREADS 1m]: UBUSDT: 0.294% | EULUSDT: 0.063%
2026-05-05 18:28:32 | INFO | signal_engine | 📊 [MAX SPREADS 1m]: UBUSDT: 0.400% | MAVIAUSDT: 0.050%
2026-05-05 18:30:56 | INFO | signal_engine | 📊 [MAX SPREADS 1m]: ETHFIUSDT: 0.236% | MAVIAUSDT: 0.050%
2026-05-05 18:33:15 | INFO | signal_engine | 📊 [MAX SPREADS 1m]: ACUUSDT: 0.192%
2026-05-05 18:36:20 | INFO | signal_engine | 📊 [MAX SPREADS 1m]: UBUSDT: 0.301% | ACUUSDT: 0.270% | CRCLUSDT: 0.211% | AXLUSDT: 0.173%
2026-05-05 18:38:01 | INFO | signal_engine | 📊 [MAX SPREADS 1m]: UBUSDT: 0.301% | CATIUSDT: 0.290%
2026-05-05 18:39:14 | INFO | signal_engine | 📊 [MAX SPREADS 1m]: CRCLUSDT: 0.325% | BUSDT: 0.266%
2026-05-05 18:41:54 | INFO | signal_engine | 📊 [MAX SPREADS 1m]: CRCLUSDT: 0.229% | FOLKSUSDT: 0.149%
2026-05-05 18:43:06 | INFO | signal_engine | 📊 [MAX SPREADS 1m]: DASHUSDT: 0.172% | FOLKSUSDT: 0.149% | PARTIUSDT: 0.039%
2026-05-05 18:44:55 | INFO | signal_engine | 📊 [MAX SPREADS 1m]: BUSDT: 0.578% | TSTUSDT: 0.134% | PARTIUSDT: 0.039%
2026-05-05 18:46:03 | INFO | signal_engine | 📊 [MAX SPREADS 1m]: TSTUSDT: 0.184% | PARTIUSDT: 0.156% | BIOUSDT: 0.093%
2026-05-05 18:47:12 | INFO | signal_engine | 📊 [MAX SPREADS 1m]: PARTIUSDT: 0.175% | BIOUSDT: 0.093%
2026-05-05 18:48:23 | INFO | signal_engine | 📊 [MAX SPREADS 1m]: PARTIUSDT: 0.194%
2026-05-05 18:49:28 | INFO | signal_engine | 📊 [MAX SPREADS 1m]: PARTIUSDT: 0.214%
2026-05-05 18:51:00 | INFO | signal_engine | 📊 [MAX SPREADS 1m]: PARTIUSDT: 0.253% | FOGOUSDT: 0.200% | BLESSUSDT: 0.129%
2026-05-05 18:55:19 | INFO | signal_engine | 📊 [MAX SPREADS 1m]: INTCUSDT: 0.247% | FOGOUSDT: 0.200% | DASHUSDT: 0.064% | TONUSDT: 0.027%
2026-05-05 18:59:54 | INFO | signal_engine | 📡 SignalEngine: Spread Mode = BOOK
2026-05-05 19:02:17 | INFO | signal_engine | 📊 [MAX SPREADS 1m]: AXLUSDT: 0.238%
2026-05-05 19:06:04 | INFO | signal_engine | 📊 [MAX SPREADS 1m]: PENDLEUSDT: 0.126% | GIGGLEUSDT: 0.029%
2026-05-05 19:07:12 | INFO | signal_engine | 📊 [MAX SPREADS 1m]: PIEVERSEUSDT: 0.183% | PENDLEUSDT: 0.126% | TONUSDT: 0.070%
2026-05-05 19:08:31 | INFO | signal_engine | 📊 [MAX SPREADS 1m]: PIEVERSEUSDT: 0.183% | PENDLEUSDT: 0.099% | AXLUSDT: 0.086%
2026-05-05 19:09:47 | INFO | signal_engine | 📊 [MAX SPREADS 1m]: AXLUSDT: 0.135%
2026-05-05 19:11:02 | INFO | signal_engine | 📊 [MAX SPREADS 1m]: AXLUSDT: 0.222%
2026-05-05 19:12:16 | INFO | signal_engine | 📊 [MAX SPREADS 1m]: AXLUSDT: 0.272%
2026-05-05 19:13:18 | INFO | signal_engine | 📊 [MAX SPREADS 1m]: AXLUSDT: 0.334% | AIXBTUSDT: 0.029%
2026-05-05 19:16:04 | INFO | signal_engine | 📡 SignalEngine: Spread Mode = TICKER
2026-05-05 19:20:37 | INFO | signal_engine | 📊 [MAX SPREADS 1m]: CATIUSDT: 0.096%
2026-05-05 19:23:03 | INFO | signal_engine | 📊 [MAX SPREADS 1m]: MYXUSDT: 0.274% | CATIUSDT: 0.208%
2026-05-05 19:25:20 | INFO | signal_engine | 📊 [MAX SPREADS 1m]: MYXUSDT: 0.274% | GENIUSUSDT: 0.212% | ZROUSDT: 0.021%
2026-05-05 19:28:19 | INFO | signal_engine | 📊 [MAX SPREADS 1m]: FHEUSDT: 0.360% | TONUSDT: 0.302% | ZROUSDT: 0.021%
2026-05-05 19:29:59 | INFO | signal_engine | 📊 [MAX SPREADS 1m]: TONUSDT: 0.302% | TSTUSDT: 0.280% | AXLUSDT: 0.074%
2026-05-05 19:31:44 | INFO | signal_engine | 📊 [MAX SPREADS 1m]: AXLUSDT: 0.135%
2026-05-05 19:32:44 | INFO | signal_engine | 📊 [MAX SPREADS 1m]: AXLUSDT: 0.319% | TRIAUSDT: 0.136% | ZECUSDT: 0.016%
2026-05-05 19:34:07 | INFO | signal_engine | 📊 [MAX SPREADS 1m]: TRIAUSDT: 0.136% | PENDLEUSDT: 0.005%
2026-05-05 19:35:51 | INFO | signal_engine | 📊 [MAX SPREADS 1m]: TONUSDT: 0.188% | PENDLEUSDT: 0.032% | VIRTUALUSDT: 0.024%
2026-05-05 19:37:17 | INFO | signal_engine | 📊 [MAX SPREADS 1m]: TONUSDT: 0.188% | DYDXUSDT: 0.068% | VIRTUALUSDT: 0.059%
2026-05-05 19:38:42 | INFO | signal_engine | 📊 [MAX SPREADS 1m]: PENDLEUSDT: 0.011%
2026-05-05 19:39:56 | INFO | signal_engine | 📊 [MAX SPREADS 1m]: FHEUSDT: 0.384%
2026-05-05 19:41:42 | INFO | signal_engine | 📊 [MAX SPREADS 1m]: VIRTUALUSDT: 0.225%
2026-05-05 19:43:17 | INFO | signal_engine | 📊 [MAX SPREADS 1m]: NEIROUSDT: 0.069% | AXLUSDT: 0.012%
2026-05-05 19:44:21 | INFO | signal_engine | 📊 [MAX SPREADS 1m]: MAVIAUSDT: 0.250% | AXLUSDT: 0.012%
2026-05-05 19:45:40 | INFO | signal_engine | 📊 [MAX SPREADS 1m]: MAVIAUSDT: 0.250% | AXLUSDT: 0.183%
2026-05-05 19:46:44 | INFO | signal_engine | 📊 [MAX SPREADS 1m]: AXLUSDT: 0.220% | MAVIAUSDT: 0.126%
2026-05-05 19:47:57 | INFO | signal_engine | 📊 [MAX SPREADS 1m]: AXLUSDT: 0.512%
2026-05-05 19:49:21 | INFO | signal_engine | 📊 [MAX SPREADS 1m]: CCUSDT: 0.061%
2026-05-05 19:50:25 | INFO | signal_engine | 📊 [MAX SPREADS 1m]: CCUSDT: 0.088% | PENDLEUSDT: 0.088%
2026-05-05 19:51:36 | INFO | signal_engine | 📊 [MAX SPREADS 1m]: GENIUSUSDT: 0.385% | PENDLEUSDT: 0.078%
2026-05-05 19:58:05 | INFO | signal_engine | 📊 [MAX SPREADS 1m]: GENIUSUSDT: 0.385% | ZENUSDT: 0.264% | TRIAUSDT: 0.090% | PENDLEUSDT: 0.083% | RESOLVUSDT: 0.032%
2026-05-05 19:59:05 | INFO | signal_engine | 📊 [MAX SPREADS 1m]: TRIAUSDT: 0.406% | AXLUSDT: 0.246% | DEXEUSDT: 0.232%
2026-05-05 20:00:28 | INFO | signal_engine | 📊 [MAX SPREADS 1m]: AXLUSDT: 0.135%
2026-05-05 20:01:13 | INFO | signal_engine | 🚀 [SIGNAL] PIEVERSEUSDT (SHORT) | Price: 0.7521 | BIN-PHM: -0.40% | DEX-PHM: 0.00% | FAIR-PHM: -0.50% | RSI: 74.9 | DEX: 0.0$ | BIN: 0.7551$ | PHM: 0.7581$
2026-05-05 20:01:39 | INFO | signal_engine | 📊 [MAX SPREADS 1m]: PIEVERSEUSDT: 0.396% | TONUSDT: 0.311% | AXLUSDT: 0.135%
2026-05-05 20:02:45 | INFO | signal_engine | 📊 [MAX SPREADS 1m]: TONUSDT: 0.188% | PENDLEUSDT: 0.140% | VIRTUALUSDT: 0.085%
2026-05-05 20:04:25 | INFO | signal_engine | 📊 [MAX SPREADS 1m]: INITUSDT: 1.061% | PENDLEUSDT: 0.166% | VIRTUALUSDT: 0.109%
2026-05-05 20:06:15 | INFO | signal_engine | 📊 [MAX SPREADS 1m]: TRIAUSDT: 0.385% | AEVOUSDT: 0.108% | INJUSDT: 0.078% | PENDLEUSDT: 0.057%
2026-05-05 20:07:39 | INFO | signal_engine | 📊 [MAX SPREADS 1m]: UBUSDT: 0.225% | AEVOUSDT: 0.036% | PENDLEUSDT: 0.010%
2026-05-05 20:08:39 | INFO | signal_engine | 📊 [MAX SPREADS 1m]: AEVOUSDT: 0.108% | TONUSDT: 0.074% | PENGUUSDT: 0.062%
2026-05-05 20:09:47 | INFO | signal_engine | 📊 [MAX SPREADS 1m]: AEVOUSDT: 0.108% | PENGUUSDT: 0.097%
2026-05-05 20:11:06 | INFO | signal_engine | 📊 [MAX SPREADS 1m]: AEVOUSDT: 0.072%
2026-05-05 20:12:06 | INFO | signal_engine | 📊 [MAX SPREADS 1m]: AEVOUSDT: 0.108%
2026-05-05 20:13:06 | INFO | signal_engine | 📊 [MAX SPREADS 1m]: AIXBTUSDT: 0.268% | AEVOUSDT: 0.036%
2026-05-05 20:14:06 | INFO | signal_engine | 📊 [MAX SPREADS 1m]: FHEUSDT: 0.432% | PENDLEUSDT: 0.166% | BANUSDT: 0.116% | AEVOUSDT: 0.072%
2026-05-05 20:15:11 | INFO | signal_engine | 📊 [MAX SPREADS 1m]: BANUSDT: 0.154% | AEVOUSDT: 0.072%
2026-05-05 20:16:46 | INFO | signal_engine | 📊 [MAX SPREADS 1m]: BASEDUSDT: 0.322% | AEVOUSDT: 0.072% | NEIROUSDT: 0.010%
2026-05-05 20:17:52 | INFO | signal_engine | 📊 [MAX SPREADS 1m]: DASHUSDT: 0.210% | UBUSDT: 0.090% | NEIROUSDT: 0.059%
2026-05-05 20:18:57 | INFO | signal_engine | 📊 [MAX SPREADS 1m]: AXLUSDT: 0.301% | DASHUSDT: 0.253%
2026-05-05 20:20:01 | INFO | signal_engine | 📊 [MAX SPREADS 1m]: AXLUSDT: 0.301%
2026-05-05 20:21:11 | INFO | signal_engine | 📊 [MAX SPREADS 1m]: AXLUSDT: 0.150% | PENGUUSDT: 0.088%
2026-05-05 20:22:18 | INFO | signal_engine | 📊 [MAX SPREADS 1m]: AXLUSDT: 0.225%
2026-05-05 20:23:18 | INFO | signal_engine | 📊 [MAX SPREADS 1m]: DASHUSDT: 0.807% | AXLUSDT: 0.288% | PENGUUSDT: 0.219% | TONUSDT: 0.194% | NOTUSDT: 0.160%
2026-05-05 20:24:34 | INFO | signal_engine | 📊 [MAX SPREADS 1m]: DASHUSDT: 0.416% | ZECUSDT: 0.338% | AXLUSDT: 0.125%
2026-05-05 20:25:43 | INFO | signal_engine | 📊 [MAX SPREADS 1m]: AXLUSDT: 0.013% | TONUSDT: 0.005%
2026-05-05 20:26:55 | INFO | signal_engine | 📊 [MAX SPREADS 1m]: BIOUSDT: 0.113% | NOTUSDT: 0.040% | AXLUSDT: 0.013%
2026-05-05 20:27:55 | INFO | signal_engine | 📊 [MAX SPREADS 1m]: AXLUSDT: 0.250% | MYXUSDT: 0.157% | BIOUSDT: 0.113%
2026-05-05 20:29:11 | INFO | signal_engine | 📊 [MAX SPREADS 1m]: MYXUSDT: 0.078% | AXLUSDT: 0.037%
2026-05-05 20:30:58 | INFO | signal_engine | 📊 [MAX SPREADS 1m]: PENDLEUSDT: 0.099% | AXLUSDT: 0.062%
2026-05-05 20:32:32 | INFO | signal_engine | 📊 [MAX SPREADS 1m]: PENDLEUSDT: 0.099% | ZECUSDT: 0.015%
2026-05-05 20:32:49 | INFO | signal_engine | 🚀 [SIGNAL] MASKUSDT (LONG) | Price: 0.4925 | BIN-PHM: 0.39% | DEX-PHM: 0.00% | FAIR-PHM: 0.14% | RSI: 80.0 | DEX: 0.0$ | BIN: 0.4927$ | PHM: 0.4908$
2026-05-05 20:33:53 | INFO | signal_engine | 📊 [MAX SPREADS 1m]: MASKUSDT: 0.387% | USELESSUSDT: 0.378% | ZECUSDT: 0.015%
2026-05-05 20:35:02 | INFO | signal_engine | 📊 [MAX SPREADS 1m]: GIGGLEUSDT: 0.478% | USELESSUSDT: 0.378% | HEMIUSDT: 0.269% | MAVIAUSDT: 0.072%
2026-05-05 20:35:03 | INFO | signal_engine | 🚀 [SIGNAL] HEMIUSDT (SHORT) | Price: 0.007756 | BIN-PHM: -0.31% | DEX-PHM: 0.00% | FAIR-PHM: -0.14% | RSI: 26.5 | DEX: 0.0$ | BIN: 0.007781$ | PHM: 0.007805$
2026-05-05 20:36:31 | INFO | signal_engine | 📊 [MAX SPREADS 1m]: HEMIUSDT: 0.307% | MASKUSDT: 0.102% | BSBUSDT: 0.052%
2026-05-05 20:38:14 | INFO | signal_engine | 📊 [MAX SPREADS 1m]: TONUSDT: 0.114%
2026-05-05 20:40:02 | INFO | signal_engine | 📊 [MAX SPREADS 1m]: DUSKUSDT: 0.224% | TONUSDT: 0.155%
2026-05-05 20:42:03 | INFO | signal_engine | 📊 [MAX SPREADS 1m]: TONUSDT: 0.194% | ZENUSDT: 0.174% | DASHUSDT: 0.124%
2026-05-05 20:43:57 | INFO | signal_engine | 📊 [MAX SPREADS 1m]: ZENUSDT: 0.213% | MYXUSDT: 0.039%
2026-05-05 20:45:07 | INFO | signal_engine | 📊 [MAX SPREADS 1m]: ZENUSDT: 0.278% | PENDLEUSDT: 0.252% | TONUSDT: 0.143%
2026-05-05 20:46:16 | INFO | signal_engine | 📊 [MAX SPREADS 1m]: BANANAS31USDT: 0.233% | TONUSDT: 0.118%
2026-05-05 20:48:29 | INFO | signal_engine | 📊 [MAX SPREADS 1m]: BANANAS31USDT: 0.233% | CHIPUSDT: 0.087%
2026-05-05 20:49:37 | INFO | signal_engine | 📊 [MAX SPREADS 1m]: AXLUSDT: 0.886% | CHIPUSDT: 0.087%
2026-05-05 20:50:41 | INFO | signal_engine | 📊 [MAX SPREADS 1m]: CHIPUSDT: 0.087% | GIGGLEUSDT: 0.057%
2026-05-05 20:52:13 | INFO | signal_engine | 📊 [MAX SPREADS 1m]: PENDLEUSDT: 0.062% | GIGGLEUSDT: 0.028%
2026-05-05 20:54:01 | INFO | signal_engine | 📊 [MAX SPREADS 1m]: PENDLEUSDT: 0.031%
2026-05-05 20:55:03 | INFO | signal_engine | 📊 [MAX SPREADS 1m]: CHIPUSDT: 0.087% | PENDLEUSDT: 0.026%
2026-05-05 20:56:56 | INFO | signal_engine | 📊 [MAX SPREADS 1m]: EIGENUSDT: 0.318%
2026-05-05 20:57:59 | INFO | signal_engine | 📊 [MAX SPREADS 1m]: EIGENUSDT: 0.931%
2026-05-05 21:00:21 | INFO | signal_engine | 📊 [MAX SPREADS 1m]: BUSDT: 0.444% | EIGENUSDT: 0.416%
2026-05-05 21:01:51 | INFO | signal_engine | 📊 [MAX SPREADS 1m]: EIGENUSDT: 0.872% | LAUSDT: 0.141%
2026-05-05 21:02:44 | INFO | signal_engine | 🚀 [SIGNAL] BTRUSDT (SHORT) | Price: 0.03035 | BIN-PHM: -1.89% | DEX-PHM: 0.00% | FAIR-PHM: -2.03% | RSI: 80.3 | DEX: 0.0$ | BIN: 0.02951$ | PHM: 0.03008$
2026-05-05 21:03:14 | INFO | signal_engine | 📊 [MAX SPREADS 1m]: BTRUSDT: 1.895% | ZECUSDT: 1.042% | TONUSDT: 0.262% | DASHUSDT: 0.163% | ARUSDT: 0.135% | PLUMEUSDT: 0.081%
2026-05-05 21:03:30 | INFO | signal_engine | 🚀 [SIGNAL] ZECUSDT (SHORT) | Price: 531.52 | BIN-PHM: -4.39% | DEX-PHM: 0.00% | FAIR-PHM: -1.50% | RSI: 97.0 | DEX: 0.0$ | BIN: 517.7$ | PHM: 541.49$
2026-05-05 21:04:25 | INFO | signal_engine | 📊 [MAX SPREADS 1m]: ZECUSDT: 4.393% | MYXUSDT: 0.434% | DASHUSDT: 0.385% | EIGENUSDT: 0.205% | XVGUSDT: 0.161% | NIGHTUSDT: 0.096% | TONUSDT: 0.020%
2026-05-05 21:05:33 | INFO | signal_engine | 📊 [MAX SPREADS 1m]: NIGHTUSDT: 1.327% | DASHUSDT: 0.407% | BIOUSDT: 0.133% | MYXUSDT: 0.080%
2026-05-05 21:06:33 | INFO | signal_engine | 📊 [MAX SPREADS 1m]: EIGENUSDT: 0.413% | GENIUSUSDT: 0.133% | MYXUSDT: 0.040%
2026-05-05 21:06:33 | INFO | signal_engine | 🚀 [SIGNAL] EIGENUSDT (LONG) | Price: 0.1961 | BIN-PHM: 0.41% | DEX-PHM: 0.00% | FAIR-PHM: 0.41% | RSI: 75.4 | DEX: 0.0$ | BIN: 0.1947$ | PHM: 0.1939$
2026-05-05 21:08:06 | INFO | signal_engine | 📊 [MAX SPREADS 1m]: EIGENUSDT: 0.560% | MYXUSDT: 0.240% | GENIUSUSDT: 0.171% | PENGUUSDT: 0.158%
2026-05-05 21:09:20 | INFO | signal_engine | 📊 [MAX SPREADS 1m]: EIGENUSDT: 0.501% | PENGUUSDT: 0.167%
2026-05-05 21:10:02 | INFO | signal_engine | 🚀 [SIGNAL] CLOUSDT (LONG) | Price: 0.1174 | BIN-PHM: 0.32% | DEX-PHM: 0.00% | FAIR-PHM: 0.09% | RSI: 45.5 | DEX: 0.0$ | BIN: 0.11738$ | PHM: 0.117$
2026-05-05 21:10:40 | INFO | signal_engine | 📊 [MAX SPREADS 1m]: NIGHTUSDT: 0.440% | CLOUSDT: 0.325% | AXLUSDT: 0.258%
2026-05-05 21:11:51 | INFO | signal_engine | 📊 [MAX SPREADS 1m]: EIGENUSDT: 0.446% | NIGHTUSDT: 0.440%
